[15/Jul/2020 13:29:29] "GET /login/ HTTP/1.0" 200 1650
[15/Jul/2020 13:29:29] "GET /static/css/bootstrap.min.css HTTP/1.0" 200 121267
[15/Jul/2020 13:29:29] "GET /static/js/jquery.min.js HTTP/1.0" 200 84349
[15/Jul/2020 13:29:29] "GET /static/js/bootstrap.min.js HTTP/1.0" 200 36876
[15/Jul/2020 13:29:30] "GET /static/img/hjzd.jpg HTTP/1.0" 200 862271
Internal Server Error: /login/
Traceback (most recent call last):
  File "/usr/local/Python3/lib/python3.6/site-packages/django/core/handlers/exception.py", line 34, in inner
    response = get_response(request)
  File "/usr/local/Python3/lib/python3.6/site-packages/django/core/handlers/base.py", line 126, in _get_response
    response = self.process_exception_by_middleware(e, request)
  File "/usr/local/Python3/lib/python3.6/site-packages/django/core/handlers/base.py", line 124, in _get_response
    response = wrapped_callback(request, *callback_args, **callback_kwargs)
  File "/home/wcdt/RecruitDataVsible/dataView/views.py", line 53, in login
    user = UserAccount.objects.get(jd_name=username)
  File "/usr/local/Python3/lib/python3.6/site-packages/django/db/models/manager.py", line 82, in manager_method
    return getattr(self.get_queryset(), name)(*args, **kwargs)
  File "/usr/local/Python3/lib/python3.6/site-packages/django/db/models/query.py", line 399, in get
    self.model._meta.object_name
dataView.models.UserAccount.DoesNotExist: UserAccount matching query does not exist.
[15/Jul/2020 13:29:42] "POST /login/ HTTP/1.0" 500 76433

Type 'manage.py help <subcommand>' for help on a specific subcommand.

Available subcommands:

[auth]
    changepassword
    createsuperuser

[contenttypes]
    remove_stale_contenttypes

[django]
    check
    compilemessages
    createcachetable
    dbshell
    diffsettings
    dumpdata
    flush
    inspectdb
    loaddata
    makemessages
    makemigrations
    migrate
    sendtestemail
    shell
    showmigrations
    sqlflush
    sqlmigrate
    sqlsequencereset
    squashmigrations
    startapp
    startproject
    test
    testserver

[rest_framework]
    generateschema

[sessions]
    clearsessions

[staticfiles]
    collectstatic
    findstatic
    runserver
[19/Jul/2020 22:37:08] "GET /login/ HTTP/1.0" 200 1650
[19/Jul/2020 22:37:09] "GET /static/js/jquery.min.js HTTP/1.0" 200 84349
[19/Jul/2020 22:37:09] "GET /static/css/bootstrap.min.css HTTP/1.0" 200 121267
[19/Jul/2020 22:37:09] "GET /static/js/bootstrap.min.js HTTP/1.0" 200 36876
[19/Jul/2020 22:37:09] "GET /static/img/hjzd.jpg HTTP/1.0" 200 862271
[19/Jul/2020 22:37:10] "GET /favicon.ico HTTP/1.0" 404 85
[19/Jul/2020 22:38:39] "POST /login/ HTTP/1.0" 302 0
[19/Jul/2020 22:38:39] "GET /page/index_i.html HTTP/1.0" 500 27
[19/Jul/2020 22:38:45] "GET /login/ HTTP/1.0" 200 1650
[19/Jul/2020 22:39:07] "POST /login/ HTTP/1.0" 302 0
[19/Jul/2020 22:39:07] "GET /page/index_i.html HTTP/1.0" 500 27
[19/Jul/2020 22:39:09] "GET /login/ HTTP/1.0" 200 1650
[19/Jul/2020 22:39:47] "POST /login/ HTTP/1.0" 302 0
[19/Jul/2020 22:39:47] "GET /page/index_i.html HTTP/1.0" 500 27
[19/Jul/2020 22:41:50] "GET /login/ HTTP/1.0" 200 1650
[19/Jul/2020 22:41:59] "POST /login/ HTTP/1.0" 500 27
[19/Jul/2020 22:44:07] "POST /login/ HTTP/1.0" 302 0
[19/Jul/2020 22:44:07] "GET /page/index_i.html HTTP/1.0" 500 27
[19/Jul/2020 22:44:11] "GET /login/ HTTP/1.0" 200 1650
[19/Jul/2020 22:44:18] "POST /login/ HTTP/1.0" 302 0
[19/Jul/2020 22:44:18] "GET /page/index_i.html HTTP/1.0" 500 27
Performing system checks...

System check identified no issues (0 silenced).
July 19, 2020 - 22:36:53
Django version 2.1, using settings 'RecruitDataVsible.settings'
Starting development server at http://0.0.0.0:8005/
Quit the server with CONTROL-C.
[19/Jul/2020 22:45:32] "GET /login/ HTTP/1.0" 200 1650
[19/Jul/2020 22:45:36] "POST /login/ HTTP/1.0" 302 0
[19/Jul/2020 22:45:36] "GET /page/index_i.html HTTP/1.0" 500 27
[19/Jul/2020 22:46:21] "GET /login/ HTTP/1.0" 200 1650
[19/Jul/2020 22:46:24] "POST /login/ HTTP/1.0" 302 0
[19/Jul/2020 22:46:24] "GET /page/index_i.html HTTP/1.0" 500 27
[19/Jul/2020 22:46:26] "GET /login/ HTTP/1.0" 200 1650
[19/Jul/2020 22:46:28] "GET /login/ HTTP/1.0" 200 1650
[19/Jul/2020 22:46:33] "POST /login/ HTTP/1.0" 500 27
[19/Jul/2020 22:46:39] "POST /login/ HTTP/1.0" 302 0
[19/Jul/2020 22:46:39] "GET /page/index_i.html HTTP/1.0" 500 27
